2021-11-04 10:55:37,457 INFO [main][SpringApplication.java:675] - No active profile set, falling back to default profiles: default
2021-11-04 10:55:37,927 WARN [main][EndpointId.java:135] - Endpoint ID 'service-registry' contains invalid characters, please migrate to a valid format.
2021-11-04 10:55:38,064 INFO [main][GenericScope.java:294] - BeanFactory id=33c68227-122c-36dd-8028-a36de4f592a4
2021-11-04 10:55:38,125 INFO [main][PostProcessorRegistrationDelegate.java:330] - Bean 'org.springframework.cloud.autoconfigure.ConfigurationPropertiesRebinderAutoConfiguration' of type [org.springframework.cloud.autoconfigure.ConfigurationPropertiesRebinderAutoConfiguration$$EnhancerBySpringCGLIB$$ffebbf26] is not eligible for getting processed by all BeanPostProcessors (for example: not eligible for auto-proxying)
2021-11-04 10:55:38,391 INFO [main][TomcatWebServer.java:90] - Tomcat initialized with port(s): 56080 (http)
2021-11-04 10:55:38,402 INFO [main][DirectJDKLog.java:173] - Initializing ProtocolHandler ["http-nio-56080"]
2021-11-04 10:55:38,407 INFO [main][DirectJDKLog.java:173] - Starting service [Tomcat]
2021-11-04 10:55:38,408 INFO [main][DirectJDKLog.java:173] - Starting Servlet engine: [Apache Tomcat/9.0.16]
2021-11-04 10:55:38,413 INFO [main][DirectJDKLog.java:173] - The APR based Apache Tomcat Native library which allows optimal performance in production environments was not found on the java.library.path: [F:\opt\java\bin;C:\Windows\Sun\Java\bin;C:\Windows\system32;C:\Windows;D:\Program Files (x86)\xshell\;C:\Windows\system32;C:\Windows;C:\Windows\System32\Wbem;C:\Windows\System32\WindowsPowerShell\v1.0\;C:\Windows\System32\OpenSSH\;D:\opt\Git\cmd;F:\opt\go\bin;F:\opt\java\bin;C:\Program Files\Docker\Docker\resources\bin;C:\ProgramData\DockerDesktop\version-bin;C:\Program Files\Microsoft SQL Server\Client SDK\ODBC\170\Tools\Binn\;C:\Program Files (x86)\Microsoft SQL Server\150\Tools\Binn\;C:\Program Files\Microsoft SQL Server\150\Tools\Binn\;C:\Program Files\Microsoft SQL Server\150\DTS\Binn\;D:\Vagrant\bin;D:\opt\Kubernetes;F:\opt\protoc-3.18.0\bin;F:\opt\gopath\bin;C:\Program Files\mingw-w64\x86_64-8.1.0-posix-seh-rt_v6-rev0\mingw64\bin;D:\opt\sqlite3;F:\opt\node\;D:\opt\mysql-8.0.27\bin;F:\opt\apache-maven-3.8.3\bin;C:\Users\Administrator\AppData\Local\Microsoft\WindowsApps;C:\Users\Administrator\AppData\Local\atom\bin;C:\Users\Administrator\go\bin;C:\Users\Administrator\AppData\Roaming\npm;.]
2021-11-04 10:55:38,529 INFO [main][DirectJDKLog.java:173] - Initializing Spring embedded WebApplicationContext
2021-11-04 10:55:38,529 INFO [main][ServletWebServerApplicationContext.java:296] - Root WebApplicationContext: initialization completed in 1055 ms
2021-11-04 10:55:38,613 WARN [main][URLConfigurationSource.java:121] - No URLs will be polled as dynamic configuration sources.
2021-11-04 10:55:38,614 INFO [main][URLConfigurationSource.java:122] - To enable URLs as dynamic configuration sources, define System property archaius.configurationSource.additionalUrls or make config.properties available on classpath.
2021-11-04 10:55:38,628 INFO [main][DynamicPropertyFactory.java:281] - DynamicPropertyFactory is initialized with configuration sources: com.netflix.config.ConcurrentCompositeConfiguration@6a2c717f
2021-11-04 10:55:41,202 INFO [main][InetUtils.java:170] - Cannot determine local hostname
2021-11-04 10:55:41,373 INFO [main][WebApplicationImpl.java:815] - Initiating Jersey application, version 'Jersey: 1.19.1 03/11/2016 02:08 PM'
2021-11-04 10:55:41,420 INFO [main][DiscoveryJerseyProvider.java:70] - Using JSON encoding codec LegacyJacksonJson
2021-11-04 10:55:41,421 INFO [main][DiscoveryJerseyProvider.java:71] - Using JSON decoding codec LegacyJacksonJson
2021-11-04 10:55:41,505 INFO [main][DiscoveryJerseyProvider.java:80] - Using XML encoding codec XStreamXml
2021-11-04 10:55:41,505 INFO [main][DiscoveryJerseyProvider.java:81] - Using XML decoding codec XStreamXml
2021-11-04 10:55:41,688 WARN [main][URLConfigurationSource.java:121] - No URLs will be polled as dynamic configuration sources.
2021-11-04 10:55:41,688 INFO [main][URLConfigurationSource.java:122] - To enable URLs as dynamic configuration sources, define System property archaius.configurationSource.additionalUrls or make config.properties available on classpath.
2021-11-04 10:55:41,801 INFO [main][ExecutorConfigurationSupport.java:171] - Initializing ExecutorService 'applicationTaskExecutor'
2021-11-04 10:55:43,681 INFO [main][InetUtils.java:170] - Cannot determine local hostname
2021-11-04 10:55:43,727 INFO [main][InstanceInfoFactory.java:71] - Setting initial instance status as: STARTING
2021-11-04 10:55:43,747 INFO [main][DiscoveryClient.java:349] - Initializing Eureka in region us-east-1
2021-11-04 10:55:43,747 INFO [main][DiscoveryClient.java:352] - Client configured to neither register nor query for data.
2021-11-04 10:55:43,752 INFO [main][DiscoveryClient.java:365] - Discovery Client initialized at timestamp 1635994543751 with initial instances count: 0
2021-11-04 10:55:43,775 INFO [main][DefaultEurekaServerContext.java:63] - Initializing ...
2021-11-04 10:55:43,777 INFO [main][PeerEurekaNodes.java:188] - Adding new peer nodes [http://localhost:56080/eureka/]
2021-11-04 10:55:44,378 INFO [main][DiscoveryJerseyProvider.java:70] - Using JSON encoding codec LegacyJacksonJson
2021-11-04 10:55:44,378 INFO [main][DiscoveryJerseyProvider.java:71] - Using JSON decoding codec LegacyJacksonJson
2021-11-04 10:55:44,378 INFO [main][DiscoveryJerseyProvider.java:80] - Using XML encoding codec XStreamXml
2021-11-04 10:55:44,379 INFO [main][DiscoveryJerseyProvider.java:81] - Using XML decoding codec XStreamXml
2021-11-04 10:55:44,441 INFO [main][PeerEurekaNodes.java:110] - Replica node URL:  http://localhost:56080/eureka/
2021-11-04 10:55:44,447 INFO [main][AbstractInstanceRegistry.java:151] - Finished initializing remote region registries. All known remote regions: []
2021-11-04 10:55:44,448 INFO [main][DefaultEurekaServerContext.java:70] - Initialized
2021-11-04 10:55:44,455 INFO [main][EndpointLinksResolver.java:59] - Exposing 2 endpoint(s) beneath base path '/actuator'
2021-11-04 10:55:44,510 INFO [main][EurekaServiceRegistry.java:42] - Registering application SEATA-DEMO-DISCOVERY with eureka with status UP
2021-11-04 10:55:44,513 INFO [Thread-31][EurekaServerBootstrap.java:109] - Setting the eureka configuration..
2021-11-04 10:55:44,513 INFO [Thread-31][EurekaServerBootstrap.java:114] - Eureka data center value eureka.datacenter is not set, defaulting to default
2021-11-04 10:55:44,514 INFO [Thread-31][EurekaServerBootstrap.java:128] - Eureka environment value eureka.environment is not set, defaulting to test
2021-11-04 10:55:44,522 INFO [Thread-31][EurekaServerBootstrap.java:184] - isAws returned false
2021-11-04 10:55:44,522 INFO [Thread-31][EurekaServerBootstrap.java:152] - Initialized server context
2021-11-04 10:55:44,522 INFO [Thread-31][PeerAwareInstanceRegistryImpl.java:241] - Got 1 instances from neighboring DS node
2021-11-04 10:55:44,522 INFO [Thread-31][PeerAwareInstanceRegistryImpl.java:242] - Renew threshold is: 1
2021-11-04 10:55:44,523 INFO [Thread-31][PeerAwareInstanceRegistryImpl.java:253] - Changing status to UP
2021-11-04 10:55:44,524 INFO [main][DirectJDKLog.java:173] - Starting ProtocolHandler ["http-nio-56080"]
2021-11-04 10:55:44,528 INFO [Thread-31][EurekaServerInitializerConfiguration.java:72] - Started Eureka Server
2021-11-04 10:55:44,540 INFO [main][TomcatWebServer.java:204] - Tomcat started on port(s): 56080 (http) with context path ''
2021-11-04 10:55:44,541 INFO [main][EurekaAutoServiceRegistration.java:141] - Updating port to 56080
2021-11-04 10:55:44,543 INFO [main][StartupInfoLogger.java:59] - Started DiscoveryServer in 11.238 seconds (JVM running for 12.555)
2021-11-04 10:55:45,694 INFO [RMI TCP Connection(7)-192.168.204.1][DirectJDKLog.java:173] - Initializing Spring DispatcherServlet 'dispatcherServlet'
2021-11-04 10:55:45,694 INFO [RMI TCP Connection(7)-192.168.204.1][FrameworkServlet.java:524] - Initializing Servlet 'dispatcherServlet'
2021-11-04 10:55:45,699 INFO [RMI TCP Connection(7)-192.168.204.1][FrameworkServlet.java:546] - Completed initialization in 5 ms
2021-11-04 10:55:54,524 INFO [Eureka-EvictionTimer][AbstractInstanceRegistry.java:1250] - Running the evict task with compensationTime 0ms
2021-11-04 10:56:04,525 INFO [Eureka-EvictionTimer][AbstractInstanceRegistry.java:1250] - Running the evict task with compensationTime 0ms
2021-11-04 10:56:14,525 INFO [Eureka-EvictionTimer][AbstractInstanceRegistry.java:1250] - Running the evict task with compensationTime 0ms
2021-11-04 10:56:24,525 INFO [Eureka-EvictionTimer][AbstractInstanceRegistry.java:1250] - Running the evict task with compensationTime 0ms
2021-11-04 10:56:34,525 INFO [Eureka-EvictionTimer][AbstractInstanceRegistry.java:1250] - Running the evict task with compensationTime 0ms
2021-11-04 10:56:43,479 INFO [http-nio-56080-exec-2][AbstractInstanceRegistry.java:266] - Registered instance SEATA-DEMO-BANK1/seata-demo-bank1:192.168.99.1:56081 with status UP (replication=false)
2021-11-04 10:56:44,057 INFO [http-nio-56080-exec-3][AbstractInstanceRegistry.java:266] - Registered instance SEATA-DEMO-BANK1/seata-demo-bank1:192.168.99.1:56081 with status UP (replication=true)
2021-11-04 10:56:44,525 INFO [Eureka-EvictionTimer][AbstractInstanceRegistry.java:1250] - Running the evict task with compensationTime 0ms
2021-11-04 10:56:54,526 INFO [Eureka-EvictionTimer][AbstractInstanceRegistry.java:1250] - Running the evict task with compensationTime 0ms
2021-11-04 10:57:04,526 INFO [Eureka-EvictionTimer][AbstractInstanceRegistry.java:1250] - Running the evict task with compensationTime 0ms
2021-11-04 10:57:14,527 INFO [Eureka-EvictionTimer][AbstractInstanceRegistry.java:1250] - Running the evict task with compensationTime 0ms
2021-11-04 10:57:24,527 INFO [Eureka-EvictionTimer][AbstractInstanceRegistry.java:1250] - Running the evict task with compensationTime 0ms
2021-11-04 10:57:34,527 INFO [Eureka-EvictionTimer][AbstractInstanceRegistry.java:1250] - Running the evict task with compensationTime 0ms
2021-11-04 10:57:44,527 INFO [Eureka-EvictionTimer][AbstractInstanceRegistry.java:1250] - Running the evict task with compensationTime 0ms
2021-11-04 10:57:54,528 INFO [Eureka-EvictionTimer][AbstractInstanceRegistry.java:1250] - Running the evict task with compensationTime 0ms
2021-11-04 10:57:57,865 INFO [http-nio-56080-exec-8][AbstractInstanceRegistry.java:266] - Registered instance SEATA-DEMO-BANK2/seata-demo-bank2:192.168.99.1:56082 with status UP (replication=false)
2021-11-04 10:57:58,372 INFO [http-nio-56080-exec-9][AbstractInstanceRegistry.java:266] - Registered instance SEATA-DEMO-BANK2/seata-demo-bank2:192.168.99.1:56082 with status UP (replication=true)
2021-11-04 10:58:04,528 INFO [Eureka-EvictionTimer][AbstractInstanceRegistry.java:1250] - Running the evict task with compensationTime 0ms
2021-11-04 10:58:14,529 INFO [Eureka-EvictionTimer][AbstractInstanceRegistry.java:1250] - Running the evict task with compensationTime 0ms
2021-11-04 10:58:24,529 INFO [Eureka-EvictionTimer][AbstractInstanceRegistry.java:1250] - Running the evict task with compensationTime 0ms
2021-11-04 10:58:34,530 INFO [Eureka-EvictionTimer][AbstractInstanceRegistry.java:1250] - Running the evict task with compensationTime 0ms
2021-11-04 10:58:44,530 INFO [Eureka-EvictionTimer][AbstractInstanceRegistry.java:1250] - Running the evict task with compensationTime 0ms
2021-11-04 10:58:54,530 INFO [Eureka-EvictionTimer][AbstractInstanceRegistry.java:1250] - Running the evict task with compensationTime 0ms
2021-11-04 10:59:04,530 INFO [Eureka-EvictionTimer][AbstractInstanceRegistry.java:1250] - Running the evict task with compensationTime 0ms
2021-11-04 10:59:14,530 INFO [Eureka-EvictionTimer][AbstractInstanceRegistry.java:1250] - Running the evict task with compensationTime 0ms
2021-11-04 10:59:24,531 INFO [Eureka-EvictionTimer][AbstractInstanceRegistry.java:1250] - Running the evict task with compensationTime 0ms
2021-11-04 10:59:34,531 INFO [Eureka-EvictionTimer][AbstractInstanceRegistry.java:1250] - Running the evict task with compensationTime 0ms
2021-11-04 10:59:44,532 INFO [Eureka-EvictionTimer][AbstractInstanceRegistry.java:1250] - Running the evict task with compensationTime 0ms
2021-11-04 10:59:54,532 INFO [Eureka-EvictionTimer][AbstractInstanceRegistry.java:1250] - Running the evict task with compensationTime 0ms
